EDA Netlist Writer report for TRS80_MC10
Wed Jan 08 01:08:22 2003
Quartus II Version 10.0 Build 218 06/27/2010 SJ Web Edition


---------------------
; Table of Contents ;
---------------------
  1. Legal Notice
  2. EDA Netlist Writer Summary
  3. Simulation Settings
  4. Simulation Generated Files
  5. EDA Netlist Writer Messages



----------------
; Legal Notice ;
----------------
Copyright (C) 1991-2010 Altera Corporation
Your use of Altera Corporation's design tools, logic functions 
and other software and tools, and its AMPP partner logic 
functions, and any output files from any of the foregoing 
(including device programming or simulation files), and any 
associated documentation or information are expressly subject 
to the terms and conditions of the Altera Program License 
Subscription Agreement, Altera MegaCore Function License 
Agreement, or other applicable license agreement, including, 
without limitation, that your use is for the sole purpose of 
programming logic devices manufactured by Altera and sold by 
Altera or its authorized distributors.  Please refer to the 
applicable agreement for further details.



+-------------------------------------------------------------------+
; EDA Netlist Writer Summary                                        ;
+---------------------------+---------------------------------------+
; EDA Netlist Writer Status ; Successful - Wed Jan 08 01:08:22 2003 ;
; Revision Name             ; TRS80_MC10                            ;
; Top-level Entity Name     ; MC10                                  ;
; Family                    ; Cyclone IV E                          ;
; Simulation Files Creation ; Successful                            ;
+---------------------------+---------------------------------------+


+-------------------------------------------------------------------------------------------------------------------------------------+
; Simulation Settings                                                                                                                 ;
+---------------------------------------------------------------------------------------------------+---------------------------------+
; Option                                                                                            ; Setting                         ;
+---------------------------------------------------------------------------------------------------+---------------------------------+
; Tool Name                                                                                         ; ModelSim-Altera (SystemVerilog) ;
; Generate netlist for functional simulation only                                                   ; Off                             ;
; Time scale                                                                                        ; 1 ps                            ;
; Truncate long hierarchy paths                                                                     ; Off                             ;
; Map illegal HDL characters                                                                        ; Off                             ;
; Flatten buses into individual nodes                                                               ; Off                             ;
; Maintain hierarchy                                                                                ; Off                             ;
; Bring out device-wide set/reset signals as ports                                                  ; Off                             ;
; Enable glitch filtering                                                                           ; Off                             ;
; Do not write top level VHDL entity                                                                ; Off                             ;
; Disable detection of setup and hold time violations in the input registers of bi-directional pins ; Off                             ;
; Architecture name in VHDL output netlist                                                          ; structure                       ;
; Generate third-party EDA tool command script for RTL functional simulation                        ; Off                             ;
; Generate third-party EDA tool command script for gate-level simulation                            ; Off                             ;
+---------------------------------------------------------------------------------------------------+---------------------------------+


+-----------------------------------------------------------------------------------------------------------------+
; Simulation Generated Files                                                                                      ;
+-----------------------------------------------------------------------------------------------------------------+
; Generated Files                                                                                                 ;
+-----------------------------------------------------------------------------------------------------------------+
; C:/Documents and Settings/Admin/My Documents/TRS80_MC10/simulation/modelsim/TRS80_MC10_8_1200mv_85c_slow.svo    ;
; C:/Documents and Settings/Admin/My Documents/TRS80_MC10/simulation/modelsim/TRS80_MC10_8_1200mv_0c_slow.svo     ;
; C:/Documents and Settings/Admin/My Documents/TRS80_MC10/simulation/modelsim/TRS80_MC10_min_1200mv_0c_fast.svo   ;
; C:/Documents and Settings/Admin/My Documents/TRS80_MC10/simulation/modelsim/TRS80_MC10.svo                      ;
; C:/Documents and Settings/Admin/My Documents/TRS80_MC10/simulation/modelsim/TRS80_MC10_8_1200mv_85c_v_slow.sdo  ;
; C:/Documents and Settings/Admin/My Documents/TRS80_MC10/simulation/modelsim/TRS80_MC10_8_1200mv_0c_v_slow.sdo   ;
; C:/Documents and Settings/Admin/My Documents/TRS80_MC10/simulation/modelsim/TRS80_MC10_min_1200mv_0c_v_fast.sdo ;
; C:/Documents and Settings/Admin/My Documents/TRS80_MC10/simulation/modelsim/TRS80_MC10_v.sdo                    ;
+-----------------------------------------------------------------------------------------------------------------+


+-----------------------------+
; EDA Netlist Writer Messages ;
+-----------------------------+
Info: *******************************************************************
Info: Running Quartus II EDA Netlist Writer
    Info: Version 10.0 Build 218 06/27/2010 SJ Web Edition
    Info: Processing started: Wed Jan 08 01:08:05 2003
Info: Command: quartus_eda --read_settings_files=off --write_settings_files=off TRS80_MC10 -c TRS80_MC10
Info: Generated simulation netlist will be non-hierarchical because the design has SignalTap II partitions, termination control logic and/or a design partition that contains bidirectional ports
Info: Generated file TRS80_MC10_8_1200mv_85c_slow.svo in folder "C:/Documents and Settings/Admin/My Documents/TRS80_MC10/simulation/modelsim/" for EDA simulation tool
Info: Generated file TRS80_MC10_8_1200mv_0c_slow.svo in folder "C:/Documents and Settings/Admin/My Documents/TRS80_MC10/simulation/modelsim/" for EDA simulation tool
Info: Generated file TRS80_MC10_min_1200mv_0c_fast.svo in folder "C:/Documents and Settings/Admin/My Documents/TRS80_MC10/simulation/modelsim/" for EDA simulation tool
Info: Generated file TRS80_MC10.svo in folder "C:/Documents and Settings/Admin/My Documents/TRS80_MC10/simulation/modelsim/" for EDA simulation tool
Info: Generated file TRS80_MC10_8_1200mv_85c_v_slow.sdo in folder "C:/Documents and Settings/Admin/My Documents/TRS80_MC10/simulation/modelsim/" for EDA simulation tool
Info: Generated file TRS80_MC10_8_1200mv_0c_v_slow.sdo in folder "C:/Documents and Settings/Admin/My Documents/TRS80_MC10/simulation/modelsim/" for EDA simulation tool
Info: Generated file TRS80_MC10_min_1200mv_0c_v_fast.sdo in folder "C:/Documents and Settings/Admin/My Documents/TRS80_MC10/simulation/modelsim/" for EDA simulation tool
Info: Generated file TRS80_MC10_v.sdo in folder "C:/Documents and Settings/Admin/My Documents/TRS80_MC10/simulation/modelsim/" for EDA simulation tool
Info: Quartus II EDA Netlist Writer was successful. 0 errors, 0 warnings
    Info: Peak virtual memory: 204 megabytes
    Info: Processing ended: Wed Jan 08 01:08:22 2003
    Info: Elapsed time: 00:00:17
    Info: Total CPU time (on all processors): 00:00:16


